mode: atomic
github.com/sensu/sensu-go/cli/commands/asset/list.go:17.52,23.52 1 4
github.com/sensu/sensu-go/cli/commands/asset/list.go:42.2,44.12 2 4
github.com/sensu/sensu-go/cli/commands/asset/list.go:23.52,28.18 3 3
github.com/sensu/sensu-go/cli/commands/asset/list.go:32.4,32.24 1 2
github.com/sensu/sensu-go/cli/commands/asset/list.go:38.4,38.14 1 2
github.com/sensu/sensu-go/cli/commands/asset/list.go:28.18,30.5 1 1
github.com/sensu/sensu-go/cli/commands/asset/list.go:32.24,34.5 1 2
github.com/sensu/sensu-go/cli/commands/asset/list.go:34.5,36.5 1 0
github.com/sensu/sensu-go/cli/commands/asset/list.go:47.71,49.38 2 0
github.com/sensu/sensu-go/cli/commands/asset/list.go:53.2,57.51 1 0
github.com/sensu/sensu-go/cli/commands/asset/list.go:105.2,105.28 1 0
github.com/sensu/sensu-go/cli/commands/asset/list.go:49.38,51.3 1 0
github.com/sensu/sensu-go/cli/commands/asset/list.go:57.51,60.5 2 0
github.com/sensu/sensu-go/cli/commands/asset/list.go:64.51,67.19 3 0
github.com/sensu/sensu-go/cli/commands/asset/list.go:71.5,76.6 2 0
github.com/sensu/sensu-go/cli/commands/asset/list.go:67.19,69.6 1 0
github.com/sensu/sensu-go/cli/commands/asset/list.go:81.51,84.29 2 0
github.com/sensu/sensu-go/cli/commands/asset/list.go:87.5,87.14 1 0
github.com/sensu/sensu-go/cli/commands/asset/list.go:84.29,86.6 1 0
github.com/sensu/sensu-go/cli/commands/asset/list.go:92.51,96.38 3 0
github.com/sensu/sensu-go/cli/commands/asset/list.go:100.5,100.18 1 0
github.com/sensu/sensu-go/cli/commands/asset/list.go:96.38,98.6 1 0
github.com/sensu/sensu-go/cli/commands/asset/create.go:16.54,32.2 6 5
github.com/sensu/sensu-go/cli/commands/asset/create.go:38.71,40.16 2 4
github.com/sensu/sensu-go/cli/commands/asset/create.go:44.2,44.41 1 4
github.com/sensu/sensu-go/cli/commands/asset/create.go:48.2,48.52 1 0
github.com/sensu/sensu-go/cli/commands/asset/create.go:52.2,53.12 2 0
github.com/sensu/sensu-go/cli/commands/asset/create.go:40.16,42.3 1 0
github.com/sensu/sensu-go/cli/commands/asset/create.go:44.41,46.3 1 4
github.com/sensu/sensu-go/cli/commands/asset/create.go:48.52,50.3 1 0
github.com/sensu/sensu-go/cli/commands/asset/create.go:56.83,60.2 3 9
github.com/sensu/sensu-go/cli/commands/asset/create.go:67.68,71.2 3 9
github.com/sensu/sensu-go/cli/commands/asset/create.go:73.44,74.20 1 9
github.com/sensu/sensu-go/cli/commands/asset/create.go:74.20,76.3 1 7
github.com/sensu/sensu-go/cli/commands/asset/create.go:76.3,76.26 1 2
github.com/sensu/sensu-go/cli/commands/asset/create.go:76.26,78.3 1 1
github.com/sensu/sensu-go/cli/commands/asset/create.go:78.3,80.3 1 1
github.com/sensu/sensu-go/cli/commands/asset/create.go:83.50,84.52 1 9
github.com/sensu/sensu-go/cli/commands/asset/create.go:84.52,86.3 1 0
github.com/sensu/sensu-go/cli/commands/asset/create.go:86.3,88.3 1 9
github.com/sensu/sensu-go/cli/commands/asset/create.go:91.51,93.16 2 9
github.com/sensu/sensu-go/cli/commands/asset/create.go:97.2,98.32 2 9
github.com/sensu/sensu-go/cli/commands/asset/create.go:93.16,95.3 1 0
github.com/sensu/sensu-go/cli/commands/asset/create.go:98.32,102.26 2 5
github.com/sensu/sensu-go/cli/commands/asset/create.go:102.26,106.4 3 4
github.com/sensu/sensu-go/cli/commands/asset/create.go:106.4,113.9 3 1
github.com/sensu/sensu-go/cli/commands/asset/help.go:9.52,23.2 3 0
